<?xml version="1.0" encoding="UTF-8"?>
<!-- Generated by org.testng.reporters.JUnitReportReporter -->
<testsuite skipped="0" hostname="DESKTOP-B4CGF5L" name="com.komoot.base.BasePage" tests="1" failures="0" timestamp="18 Apr 2018 09:56:05 GMT" time="2.211" errors="0">
  <testcase name="testUntitled" time="2.211" classname="com.komoot.base.BasePage"/>
</testsuite> <!-- com.komoot.base.BasePage -->
