<?xml version="1.0" encoding="UTF-8"?>
<!-- Generated by org.testng.reporters.JUnitReportReporter -->
<testsuite skipped="0" hostname="DESKTOP-B4CGF5L" name="com.komoot.scripts.TestVerifyLandingPage" tests="1" failures="0" timestamp="18 Apr 2018 11:29:19 GMT" time="6.599" errors="0">
  <testcase name="verifyChangeSportsType1" time="6.599" classname="com.komoot.scripts.TestVerifyLandingPage"/>
</testsuite> <!-- com.komoot.scripts.TestVerifyLandingPage -->
