<?xml version="1.0" encoding="UTF-8"?>
<!-- Generated by org.testng.reporters.JUnitReportReporter -->
<testsuite skipped="0" hostname="DESKTOP-B4CGF5L" name="com.komoot.scripts.VerifyChangeSportsType1" tests="1" failures="0" timestamp="18 Apr 2018 10:01:46 GMT" time="1.564" errors="0">
  <testcase name="verifyChangeSportsType1" time="1.564" classname="com.komoot.scripts.VerifyChangeSportsType1"/>
</testsuite> <!-- com.komoot.scripts.VerifyChangeSportsType1 -->
