<?xml version="1.0" encoding="UTF-8"?>
<!-- Generated by org.testng.reporters.JUnitReportReporter -->
<testsuite skipped="0" hostname="DESKTOP-B4CGF5L" name="com.komoot.scripts.TestChangeSportsType" tests="1" failures="0" timestamp="18 Apr 2018 11:13:29 GMT" time="8.873" errors="0">
  <testcase name="testChangeSportsType" time="8.873" classname="com.komoot.scripts.TestChangeSportsType"/>
</testsuite> <!-- com.komoot.scripts.TestChangeSportsType -->
