<?xml version="1.0" encoding="UTF-8"?>
<!-- Generated by org.testng.reporters.JUnitReportReporter -->
<testsuite skipped="0" hostname="DESKTOP-B4CGF5L" name="com.komoot.scripts.TestVerifyChangeSportsType" tests="1" failures="0" timestamp="18 Apr 2018 11:04:27 GMT" time="6.708" errors="0">
  <testcase name="verifyChangeSportsType1" time="6.708" classname="com.komoot.scripts.TestVerifyChangeSportsType"/>
</testsuite> <!-- com.komoot.scripts.TestVerifyChangeSportsType -->
